Start testing: Jul 22 15:33 UTC
----------------------------------------------------------
1/57 Testing: ParserTest.ParsesCompleteLogon
1/57 Test: ParserTest.ParsesCompleteLogon
Command: "/home/runner/work/FIX-Protocol/FIX-Protocol/build_test/fix_tests" "--gtest_filter=ParserTest.ParsesCompleteLogon" "--gtest_also_run_disabled_tests"
Directory: /home/runner/work/FIX-Protocol/FIX-Protocol/build_test
"ParserTest.ParsesCompleteLogon" start time: Jul 22 15:33 UTC
Output:
----------------------------------------------------------
Running main() from /home/runner/work/FIX-Protocol/FIX-Protocol/build_test/_deps/googletest-src/googletest/src/gtest_main.cc
Note: Google Test filter = ParserTest.ParsesCompleteLogon
[==========] Running 1 test from 1 test suite.
[----------] Global test environment set-up.
[----------] 1 test from ParserTest
[ RUN      ] ParserTest.ParsesCompleteLogon
[       OK ] ParserTest.ParsesCompleteLogon (0 ms)
[----------] 1 test from ParserTest (0 ms total)

[----------] Global test environment tear-down
[==========] 1 test from 1 test suite ran. (0 ms total)
[  PASSED  ] 1 test.
<end of output>
Test time =   0.00 sec
----------------------------------------------------------
Test Passed.
"ParserTest.ParsesCompleteLogon" end time: Jul 22 15:33 UTC
"ParserTest.ParsesCompleteLogon" time elapsed: 00:00:00
----------------------------------------------------------

2/57 Testing: ParserTest.ParsesBeginString
2/57 Test: ParserTest.ParsesBeginString
Command: "/home/runner/work/FIX-Protocol/FIX-Protocol/build_test/fix_tests" "--gtest_filter=ParserTest.ParsesBeginString" "--gtest_also_run_disabled_tests"
Directory: /home/runner/work/FIX-Protocol/FIX-Protocol/build_test
"ParserTest.ParsesBeginString" start time: Jul 22 15:33 UTC
Output:
----------------------------------------------------------
Running main() from /home/runner/work/FIX-Protocol/FIX-Protocol/build_test/_deps/googletest-src/googletest/src/gtest_main.cc
Note: Google Test filter = ParserTest.ParsesBeginString
[==========] Running 1 test from 1 test suite.
[----------] Global test environment set-up.
[----------] 1 test from ParserTest
[ RUN      ] ParserTest.ParsesBeginString
[       OK ] ParserTest.ParsesBeginString (0 ms)
[----------] 1 test from ParserTest (0 ms total)

[----------] Global test environment tear-down
[==========] 1 test from 1 test suite ran. (0 ms total)
[  PASSED  ] 1 test.
<end of output>
Test time =   0.00 sec
----------------------------------------------------------
Test Passed.
"ParserTest.ParsesBeginString" end time: Jul 22 15:33 UTC
"ParserTest.ParsesBeginString" time elapsed: 00:00:00
----------------------------------------------------------

3/57 Testing: ParserTest.HandlesPartialFeed
3/57 Test: ParserTest.HandlesPartialFeed
Command: "/home/runner/work/FIX-Protocol/FIX-Protocol/build_test/fix_tests" "--gtest_filter=ParserTest.HandlesPartialFeed" "--gtest_also_run_disabled_tests"
Directory: /home/runner/work/FIX-Protocol/FIX-Protocol/build_test
"ParserTest.HandlesPartialFeed" start time: Jul 22 15:33 UTC
Output:
----------------------------------------------------------
Running main() from /home/runner/work/FIX-Protocol/FIX-Protocol/build_test/_deps/googletest-src/googletest/src/gtest_main.cc
Note: Google Test filter = ParserTest.HandlesPartialFeed
[==========] Running 1 test from 1 test suite.
[----------] Global test environment set-up.
[----------] 1 test from ParserTest
[ RUN      ] ParserTest.HandlesPartialFeed
[       OK ] ParserTest.HandlesPartialFeed (0 ms)
[----------] 1 test from ParserTest (0 ms total)

[----------] Global test environment tear-down
[==========] 1 test from 1 test suite ran. (0 ms total)
[  PASSED  ] 1 test.
<end of output>
Test time =   0.00 sec
----------------------------------------------------------
Test Passed.
"ParserTest.HandlesPartialFeed" end time: Jul 22 15:33 UTC
"ParserTest.HandlesPartialFeed" time elapsed: 00:00:00
----------------------------------------------------------

4/57 Testing: ParserTest.MultipleConcatenatedMessages
4/57 Test: ParserTest.MultipleConcatenatedMessages
Command: "/home/runner/work/FIX-Protocol/FIX-Protocol/build_test/fix_tests" "--gtest_filter=ParserTest.MultipleConcatenatedMessages" "--gtest_also_run_disabled_tests"
Directory: /home/runner/work/FIX-Protocol/FIX-Protocol/build_test
"ParserTest.MultipleConcatenatedMessages" start time: Jul 22 15:33 UTC
Output:
----------------------------------------------------------
Running main() from /home/runner/work/FIX-Protocol/FIX-Protocol/build_test/_deps/googletest-src/googletest/src/gtest_main.cc
Note: Google Test filter = ParserTest.MultipleConcatenatedMessages
[==========] Running 1 test from 1 test suite.
[----------] Global test environment set-up.
[----------] 1 test from ParserTest
[ RUN      ] ParserTest.MultipleConcatenatedMessages
[       OK ] ParserTest.MultipleConcatenatedMessages (0 ms)
[----------] 1 test from ParserTest (0 ms total)

[----------] Global test environment tear-down
[==========] 1 test from 1 test suite ran. (0 ms total)
[  PASSED  ] 1 test.
<end of output>
Test time =   0.00 sec
----------------------------------------------------------
Test Passed.
"ParserTest.MultipleConcatenatedMessages" end time: Jul 22 15:33 UTC
"ParserTest.MultipleConcatenatedMessages" time elapsed: 00:00:00
----------------------------------------------------------

5/57 Testing: ParserTest.BadChecksumRejected
5/57 Test: ParserTest.BadChecksumRejected
Command: "/home/runner/work/FIX-Protocol/FIX-Protocol/build_test/fix_tests" "--gtest_filter=ParserTest.BadChecksumRejected" "--gtest_also_run_disabled_tests"
Directory: /home/runner/work/FIX-Protocol/FIX-Protocol/build_test
"ParserTest.BadChecksumRejected" start time: Jul 22 15:33 UTC
Output:
----------------------------------------------------------
Running main() from /home/runner/work/FIX-Protocol/FIX-Protocol/build_test/_deps/googletest-src/googletest/src/gtest_main.cc
Note: Google Test filter = ParserTest.BadChecksumRejected
[==========] Running 1 test from 1 test suite.
[----------] Global test environment set-up.
[----------] 1 test from ParserTest
[ RUN      ] ParserTest.BadChecksumRejected
[       OK ] ParserTest.BadChecksumRejected (0 ms)
[----------] 1 test from ParserTest (0 ms total)

[----------] Global test environment tear-down
[==========] 1 test from 1 test suite ran. (0 ms total)
[  PASSED  ] 1 test.
<end of output>
Test time =   0.00 sec
----------------------------------------------------------
Test Passed.
"ParserTest.BadChecksumRejected" end time: Jul 22 15:33 UTC
"ParserTest.BadChecksumRejected" time elapsed: 00:00:00
----------------------------------------------------------

6/57 Testing: ParserTest.NoChecksumValidation
6/57 Test: ParserTest.NoChecksumValidation
Command: "/home/runner/work/FIX-Protocol/FIX-Protocol/build_test/fix_tests" "--gtest_filter=ParserTest.NoChecksumValidation" "--gtest_also_run_disabled_tests"
Directory: /home/runner/work/FIX-Protocol/FIX-Protocol/build_test
"ParserTest.NoChecksumValidation" start time: Jul 22 15:33 UTC
Output:
----------------------------------------------------------
Running main() from /home/runner/work/FIX-Protocol/FIX-Protocol/build_test/_deps/googletest-src/googletest/src/gtest_main.cc
Note: Google Test filter = ParserTest.NoChecksumValidation
[==========] Running 1 test from 1 test suite.
[----------] Global test environment set-up.
[----------] 1 test from ParserTest
[ RUN      ] ParserTest.NoChecksumValidation
[       OK ] ParserTest.NoChecksumValidation (0 ms)
[----------] 1 test from ParserTest (0 ms total)

[----------] Global test environment tear-down
[==========] 1 test from 1 test suite ran. (0 ms total)
[  PASSED  ] 1 test.
<end of output>
Test time =   0.00 sec
----------------------------------------------------------
Test Passed.
"ParserTest.NoChecksumValidation" end time: Jul 22 15:33 UTC
"ParserTest.NoChecksumValidation" time elapsed: 00:00:00
----------------------------------------------------------

7/57 Testing: ParserTest.ResetClearsState
7/57 Test: ParserTest.ResetClearsState
Command: "/home/runner/work/FIX-Protocol/FIX-Protocol/build_test/fix_tests" "--gtest_filter=ParserTest.ResetClearsState" "--gtest_also_run_disabled_tests"
Directory: /home/runner/work/FIX-Protocol/FIX-Protocol/build_test
"ParserTest.ResetClearsState" start time: Jul 22 15:33 UTC
Output:
----------------------------------------------------------
Running main() from /home/runner/work/FIX-Protocol/FIX-Protocol/build_test/_deps/googletest-src/googletest/src/gtest_main.cc
Note: Google Test filter = ParserTest.ResetClearsState
[==========] Running 1 test from 1 test suite.
[----------] Global test environment set-up.
[----------] 1 test from ParserTest
[ RUN      ] ParserTest.ResetClearsState
[       OK ] ParserTest.ResetClearsState (0 ms)
[----------] 1 test from ParserTest (0 ms total)

[----------] Global test environment tear-down
[==========] 1 test from 1 test suite ran. (0 ms total)
[  PASSED  ] 1 test.
<end of output>
Test time =   0.00 sec
----------------------------------------------------------
Test Passed.
"ParserTest.ResetClearsState" end time: Jul 22 15:33 UTC
"ParserTest.ResetClearsState" time elapsed: 00:00:00
----------------------------------------------------------

8/57 Testing: SerializerTest.ChecksumIsCorrect
8/57 Test: SerializerTest.ChecksumIsCorrect
Command: "/home/runner/work/FIX-Protocol/FIX-Protocol/build_test/fix_tests" "--gtest_filter=SerializerTest.ChecksumIsCorrect" "--gtest_also_run_disabled_tests"
Directory: /home/runner/work/FIX-Protocol/FIX-Protocol/build_test
"SerializerTest.ChecksumIsCorrect" start time: Jul 22 15:33 UTC
Output:
----------------------------------------------------------
Running main() from /home/runner/work/FIX-Protocol/FIX-Protocol/build_test/_deps/googletest-src/googletest/src/gtest_main.cc
Note: Google Test filter = SerializerTest.ChecksumIsCorrect
[==========] Running 1 test from 1 test suite.
[----------] Global test environment set-up.
[----------] 1 test from SerializerTest
[ RUN      ] SerializerTest.ChecksumIsCorrect
[       OK ] SerializerTest.ChecksumIsCorrect (0 ms)
[----------] 1 test from SerializerTest (0 ms total)

[----------] Global test environment tear-down
[==========] 1 test from 1 test suite ran. (0 ms total)
[  PASSED  ] 1 test.
<end of output>
Test time =   0.00 sec
----------------------------------------------------------
Test Passed.
"SerializerTest.ChecksumIsCorrect" end time: Jul 22 15:33 UTC
"SerializerTest.ChecksumIsCorrect" time elapsed: 00:00:00
----------------------------------------------------------

9/57 Testing: SerializerTest.BodyLengthIsCorrect
9/57 Test: SerializerTest.BodyLengthIsCorrect
Command: "/home/runner/work/FIX-Protocol/FIX-Protocol/build_test/fix_tests" "--gtest_filter=SerializerTest.BodyLengthIsCorrect" "--gtest_also_run_disabled_tests"
Directory: /home/runner/work/FIX-Protocol/FIX-Protocol/build_test
"SerializerTest.BodyLengthIsCorrect" start time: Jul 22 15:33 UTC
Output:
----------------------------------------------------------
Running main() from /home/runner/work/FIX-Protocol/FIX-Protocol/build_test/_deps/googletest-src/googletest/src/gtest_main.cc
Note: Google Test filter = SerializerTest.BodyLengthIsCorrect
[==========] Running 1 test from 1 test suite.
[----------] Global test environment set-up.
[----------] 1 test from SerializerTest
[ RUN      ] SerializerTest.BodyLengthIsCorrect
[       OK ] SerializerTest.BodyLengthIsCorrect (0 ms)
[----------] 1 test from SerializerTest (0 ms total)

[----------] Global test environment tear-down
[==========] 1 test from 1 test suite ran. (0 ms total)
[  PASSED  ] 1 test.
<end of output>
Test time =   0.00 sec
----------------------------------------------------------
Test Passed.
"SerializerTest.BodyLengthIsCorrect" end time: Jul 22 15:33 UTC
"SerializerTest.BodyLengthIsCorrect" time elapsed: 00:00:00
----------------------------------------------------------

10/57 Testing: SerializerTest.RoundTrip
10/57 Test: SerializerTest.RoundTrip
Command: "/home/runner/work/FIX-Protocol/FIX-Protocol/build_test/fix_tests" "--gtest_filter=SerializerTest.RoundTrip" "--gtest_also_run_disabled_tests"
Directory: /home/runner/work/FIX-Protocol/FIX-Protocol/build_test
"SerializerTest.RoundTrip" start time: Jul 22 15:33 UTC
Output:
----------------------------------------------------------
Running main() from /home/runner/work/FIX-Protocol/FIX-Protocol/build_test/_deps/googletest-src/googletest/src/gtest_main.cc
Note: Google Test filter = SerializerTest.RoundTrip
[==========] Running 1 test from 1 test suite.
[----------] Global test environment set-up.
[----------] 1 test from SerializerTest
[ RUN      ] SerializerTest.RoundTrip
[       OK ] SerializerTest.RoundTrip (0 ms)
[----------] 1 test from SerializerTest (0 ms total)

[----------] Global test environment tear-down
[==========] 1 test from 1 test suite ran. (0 ms total)
[  PASSED  ] 1 test.
<end of output>
Test time =   0.00 sec
----------------------------------------------------------
Test Passed.
"SerializerTest.RoundTrip" end time: Jul 22 15:33 UTC
"SerializerTest.RoundTrip" time elapsed: 00:00:00
----------------------------------------------------------

11/57 Testing: SerializerTest.TimestampFormat
11/57 Test: SerializerTest.TimestampFormat
Command: "/home/runner/work/FIX-Protocol/FIX-Protocol/build_test/fix_tests" "--gtest_filter=SerializerTest.TimestampFormat" "--gtest_also_run_disabled_tests"
Directory: /home/runner/work/FIX-Protocol/FIX-Protocol/build_test
"SerializerTest.TimestampFormat" start time: Jul 22 15:33 UTC
Output:
----------------------------------------------------------
Running main() from /home/runner/work/FIX-Protocol/FIX-Protocol/build_test/_deps/googletest-src/googletest/src/gtest_main.cc
Note: Google Test filter = SerializerTest.TimestampFormat
[==========] Running 1 test from 1 test suite.
[----------] Global test environment set-up.
[----------] 1 test from SerializerTest
[ RUN      ] SerializerTest.TimestampFormat
[       OK ] SerializerTest.TimestampFormat (0 ms)
[----------] 1 test from SerializerTest (0 ms total)

[----------] Global test environment tear-down
[==========] 1 test from 1 test suite ran. (0 ms total)
[  PASSED  ] 1 test.
<end of output>
Test time =   0.00 sec
----------------------------------------------------------
Test Passed.
"SerializerTest.TimestampFormat" end time: Jul 22 15:33 UTC
"SerializerTest.TimestampFormat" time elapsed: 00:00:00
----------------------------------------------------------

12/57 Testing: SerializerTest.SerializeMessage
12/57 Test: SerializerTest.SerializeMessage
Command: "/home/runner/work/FIX-Protocol/FIX-Protocol/build_test/fix_tests" "--gtest_filter=SerializerTest.SerializeMessage" "--gtest_also_run_disabled_tests"
Directory: /home/runner/work/FIX-Protocol/FIX-Protocol/build_test
"SerializerTest.SerializeMessage" start time: Jul 22 15:33 UTC
Output:
----------------------------------------------------------
Running main() from /home/runner/work/FIX-Protocol/FIX-Protocol/build_test/_deps/googletest-src/googletest/src/gtest_main.cc
Note: Google Test filter = SerializerTest.SerializeMessage
[==========] Running 1 test from 1 test suite.
[----------] Global test environment set-up.
[----------] 1 test from SerializerTest
[ RUN      ] SerializerTest.SerializeMessage
[       OK ] SerializerTest.SerializeMessage (1 ms)
[----------] 1 test from SerializerTest (1 ms total)

[----------] Global test environment tear-down
[==========] 1 test from 1 test suite ran. (1 ms total)
[  PASSED  ] 1 test.
<end of output>
Test time =   0.00 sec
----------------------------------------------------------
Test Passed.
"SerializerTest.SerializeMessage" end time: Jul 22 15:33 UTC
"SerializerTest.SerializeMessage" time elapsed: 00:00:00
----------------------------------------------------------

13/57 Testing: MessageTest.SetAndGet
13/57 Test: MessageTest.SetAndGet
Command: "/home/runner/work/FIX-Protocol/FIX-Protocol/build_test/fix_tests" "--gtest_filter=MessageTest.SetAndGet" "--gtest_also_run_disabled_tests"
Directory: /home/runner/work/FIX-Protocol/FIX-Protocol/build_test
"MessageTest.SetAndGet" start time: Jul 22 15:33 UTC
Output:
----------------------------------------------------------
Running main() from /home/runner/work/FIX-Protocol/FIX-Protocol/build_test/_deps/googletest-src/googletest/src/gtest_main.cc
Note: Google Test filter = MessageTest.SetAndGet
[==========] Running 1 test from 1 test suite.
[----------] Global test environment set-up.
[----------] 1 test from MessageTest
[ RUN      ] MessageTest.SetAndGet
[       OK ] MessageTest.SetAndGet (0 ms)
[----------] 1 test from MessageTest (0 ms total)

[----------] Global test environment tear-down
[==========] 1 test from 1 test suite ran. (0 ms total)
[  PASSED  ] 1 test.
<end of output>
Test time =   0.00 sec
----------------------------------------------------------
Test Passed.
"MessageTest.SetAndGet" end time: Jul 22 15:33 UTC
"MessageTest.SetAndGet" time elapsed: 00:00:00
----------------------------------------------------------

14/57 Testing: MessageTest.SetOverwrites
14/57 Test: MessageTest.SetOverwrites
Command: "/home/runner/work/FIX-Protocol/FIX-Protocol/build_test/fix_tests" "--gtest_filter=MessageTest.SetOverwrites" "--gtest_also_run_disabled_tests"
Directory: /home/runner/work/FIX-Protocol/FIX-Protocol/build_test
"MessageTest.SetOverwrites" start time: Jul 22 15:33 UTC
Output:
----------------------------------------------------------
Running main() from /home/runner/work/FIX-Protocol/FIX-Protocol/build_test/_deps/googletest-src/googletest/src/gtest_main.cc
Note: Google Test filter = MessageTest.SetOverwrites
[==========] Running 1 test from 1 test suite.
[----------] Global test environment set-up.
[----------] 1 test from MessageTest
[ RUN      ] MessageTest.SetOverwrites
[       OK ] MessageTest.SetOverwrites (0 ms)
[----------] 1 test from MessageTest (0 ms total)

[----------] Global test environment tear-down
[==========] 1 test from 1 test suite ran. (0 ms total)
[  PASSED  ] 1 test.
<end of output>
Test time =   0.00 sec
----------------------------------------------------------
Test Passed.
"MessageTest.SetOverwrites" end time: Jul 22 15:33 UTC
"MessageTest.SetOverwrites" time elapsed: 00:00:00
----------------------------------------------------------

15/57 Testing: MessageTest.HasField
15/57 Test: MessageTest.HasField
Command: "/home/runner/work/FIX-Protocol/FIX-Protocol/build_test/fix_tests" "--gtest_filter=MessageTest.HasField" "--gtest_also_run_disabled_tests"
Directory: /home/runner/work/FIX-Protocol/FIX-Protocol/build_test
"MessageTest.HasField" start time: Jul 22 15:33 UTC
Output:
----------------------------------------------------------
Running main() from /home/runner/work/FIX-Protocol/FIX-Protocol/build_test/_deps/googletest-src/googletest/src/gtest_main.cc
Note: Google Test filter = MessageTest.HasField
[==========] Running 1 test from 1 test suite.
[----------] Global test environment set-up.
[----------] 1 test from MessageTest
[ RUN      ] MessageTest.HasField
[       OK ] MessageTest.HasField (0 ms)
[----------] 1 test from MessageTest (0 ms total)

[----------] Global test environment tear-down
[==========] 1 test from 1 test suite ran. (0 ms total)
[  PASSED  ] 1 test.
<end of output>
Test time =   0.00 sec
----------------------------------------------------------
Test Passed.
"MessageTest.HasField" end time: Jul 22 15:33 UTC
"MessageTest.HasField" time elapsed: 00:00:00
----------------------------------------------------------

16/57 Testing: MessageTest.Remove
16/57 Test: MessageTest.Remove
Command: "/home/runner/work/FIX-Protocol/FIX-Protocol/build_test/fix_tests" "--gtest_filter=MessageTest.Remove" "--gtest_also_run_disabled_tests"
Directory: /home/runner/work/FIX-Protocol/FIX-Protocol/build_test
"MessageTest.Remove" start time: Jul 22 15:33 UTC
Output:
----------------------------------------------------------
Running main() from /home/runner/work/FIX-Protocol/FIX-Protocol/build_test/_deps/googletest-src/googletest/src/gtest_main.cc
Note: Google Test filter = MessageTest.Remove
[==========] Running 1 test from 1 test suite.
[----------] Global test environment set-up.
[----------] 1 test from MessageTest
[ RUN      ] MessageTest.Remove
[       OK ] MessageTest.Remove (0 ms)
[----------] 1 test from MessageTest (0 ms total)

[----------] Global test environment tear-down
[==========] 1 test from 1 test suite ran. (0 ms total)
[  PASSED  ] 1 test.
<end of output>
Test time =   0.00 sec
----------------------------------------------------------
Test Passed.
"MessageTest.Remove" end time: Jul 22 15:33 UTC
"MessageTest.Remove" time elapsed: 00:00:00
----------------------------------------------------------

17/57 Testing: MessageTest.GetInt
17/57 Test: MessageTest.GetInt
Command: "/home/runner/work/FIX-Protocol/FIX-Protocol/build_test/fix_tests" "--gtest_filter=MessageTest.GetInt" "--gtest_also_run_disabled_tests"
Directory: /home/runner/work/FIX-Protocol/FIX-Protocol/build_test
"MessageTest.GetInt" start time: Jul 22 15:33 UTC
Output:
----------------------------------------------------------
Running main() from /home/runner/work/FIX-Protocol/FIX-Protocol/build_test/_deps/googletest-src/googletest/src/gtest_main.cc
Note: Google Test filter = MessageTest.GetInt
[==========] Running 1 test from 1 test suite.
[----------] Global test environment set-up.
[----------] 1 test from MessageTest
[ RUN      ] MessageTest.GetInt
[       OK ] MessageTest.GetInt (0 ms)
[----------] 1 test from MessageTest (0 ms total)

[----------] Global test environment tear-down
[==========] 1 test from 1 test suite ran. (0 ms total)
[  PASSED  ] 1 test.
<end of output>
Test time =   0.00 sec
----------------------------------------------------------
Test Passed.
"MessageTest.GetInt" end time: Jul 22 15:33 UTC
"MessageTest.GetInt" time elapsed: 00:00:00
----------------------------------------------------------

18/57 Testing: MessageTest.GetDouble
18/57 Test: MessageTest.GetDouble
Command: "/home/runner/work/FIX-Protocol/FIX-Protocol/build_test/fix_tests" "--gtest_filter=MessageTest.GetDouble" "--gtest_also_run_disabled_tests"
Directory: /home/runner/work/FIX-Protocol/FIX-Protocol/build_test
"MessageTest.GetDouble" start time: Jul 22 15:33 UTC
Output:
----------------------------------------------------------
Running main() from /home/runner/work/FIX-Protocol/FIX-Protocol/build_test/_deps/googletest-src/googletest/src/gtest_main.cc
Note: Google Test filter = MessageTest.GetDouble
[==========] Running 1 test from 1 test suite.
[----------] Global test environment set-up.
[----------] 1 test from MessageTest
[ RUN      ] MessageTest.GetDouble
[       OK ] MessageTest.GetDouble (0 ms)
[----------] 1 test from MessageTest (0 ms total)

[----------] Global test environment tear-down
[==========] 1 test from 1 test suite ran. (0 ms total)
[  PASSED  ] 1 test.
<end of output>
Test time =   0.00 sec
----------------------------------------------------------
Test Passed.
"MessageTest.GetDouble" end time: Jul 22 15:33 UTC
"MessageTest.GetDouble" time elapsed: 00:00:00
----------------------------------------------------------

19/57 Testing: MessageTest.SeqNum
19/57 Test: MessageTest.SeqNum
Command: "/home/runner/work/FIX-Protocol/FIX-Protocol/build_test/fix_tests" "--gtest_filter=MessageTest.SeqNum" "--gtest_also_run_disabled_tests"
Directory: /home/runner/work/FIX-Protocol/FIX-Protocol/build_test
"MessageTest.SeqNum" start time: Jul 22 15:33 UTC
Output:
----------------------------------------------------------
Running main() from /home/runner/work/FIX-Protocol/FIX-Protocol/build_test/_deps/googletest-src/googletest/src/gtest_main.cc
Note: Google Test filter = MessageTest.SeqNum
[==========] Running 1 test from 1 test suite.
[----------] Global test environment set-up.
[----------] 1 test from MessageTest
[ RUN      ] MessageTest.SeqNum
[       OK ] MessageTest.SeqNum (0 ms)
[----------] 1 test from MessageTest (0 ms total)

[----------] Global test environment tear-down
[==========] 1 test from 1 test suite ran. (0 ms total)
[  PASSED  ] 1 test.
<end of output>
Test time =   0.00 sec
----------------------------------------------------------
Test Passed.
"MessageTest.SeqNum" end time: Jul 22 15:33 UTC
"MessageTest.SeqNum" time elapsed: 00:00:00
----------------------------------------------------------

20/57 Testing: MessageTest.MsgType
20/57 Test: MessageTest.MsgType
Command: "/home/runner/work/FIX-Protocol/FIX-Protocol/build_test/fix_tests" "--gtest_filter=MessageTest.MsgType" "--gtest_also_run_disabled_tests"
Directory: /home/runner/work/FIX-Protocol/FIX-Protocol/build_test
"MessageTest.MsgType" start time: Jul 22 15:33 UTC
Output:
----------------------------------------------------------
Running main() from /home/runner/work/FIX-Protocol/FIX-Protocol/build_test/_deps/googletest-src/googletest/src/gtest_main.cc
Note: Google Test filter = MessageTest.MsgType
[==========] Running 1 test from 1 test suite.
[----------] Global test environment set-up.
[----------] 1 test from MessageTest
[ RUN      ] MessageTest.MsgType
[       OK ] MessageTest.MsgType (0 ms)
[----------] 1 test from MessageTest (0 ms total)

[----------] Global test environment tear-down
[==========] 1 test from 1 test suite ran. (0 ms total)
[  PASSED  ] 1 test.
<end of output>
Test time =   0.00 sec
----------------------------------------------------------
Test Passed.
"MessageTest.MsgType" end time: Jul 22 15:33 UTC
"MessageTest.MsgType" time elapsed: 00:00:00
----------------------------------------------------------

21/57 Testing: MessageTest.PossDupDefault
21/57 Test: MessageTest.PossDupDefault
Command: "/home/runner/work/FIX-Protocol/FIX-Protocol/build_test/fix_tests" "--gtest_filter=MessageTest.PossDupDefault" "--gtest_also_run_disabled_tests"
Directory: /home/runner/work/FIX-Protocol/FIX-Protocol/build_test
"MessageTest.PossDupDefault" start time: Jul 22 15:33 UTC
Output:
----------------------------------------------------------
Running main() from /home/runner/work/FIX-Protocol/FIX-Protocol/build_test/_deps/googletest-src/googletest/src/gtest_main.cc
Note: Google Test filter = MessageTest.PossDupDefault
[==========] Running 1 test from 1 test suite.
[----------] Global test environment set-up.
[----------] 1 test from MessageTest
[ RUN      ] MessageTest.PossDupDefault
[       OK ] MessageTest.PossDupDefault (0 ms)
[----------] 1 test from MessageTest (0 ms total)

[----------] Global test environment tear-down
[==========] 1 test from 1 test suite ran. (0 ms total)
[  PASSED  ] 1 test.
<end of output>
Test time =   0.00 sec
----------------------------------------------------------
Test Passed.
"MessageTest.PossDupDefault" end time: Jul 22 15:33 UTC
"MessageTest.PossDupDefault" time elapsed: 00:00:00
----------------------------------------------------------

22/57 Testing: MessageTest.PossDupTrue
22/57 Test: MessageTest.PossDupTrue
Command: "/home/runner/work/FIX-Protocol/FIX-Protocol/build_test/fix_tests" "--gtest_filter=MessageTest.PossDupTrue" "--gtest_also_run_disabled_tests"
Directory: /home/runner/work/FIX-Protocol/FIX-Protocol/build_test
"MessageTest.PossDupTrue" start time: Jul 22 15:33 UTC
Output:
----------------------------------------------------------
Running main() from /home/runner/work/FIX-Protocol/FIX-Protocol/build_test/_deps/googletest-src/googletest/src/gtest_main.cc
Note: Google Test filter = MessageTest.PossDupTrue
[==========] Running 1 test from 1 test suite.
[----------] Global test environment set-up.
[----------] 1 test from MessageTest
[ RUN      ] MessageTest.PossDupTrue
[       OK ] MessageTest.PossDupTrue (0 ms)
[----------] 1 test from MessageTest (0 ms total)

[----------] Global test environment tear-down
[==========] 1 test from 1 test suite ran. (0 ms total)
[  PASSED  ] 1 test.
<end of output>
Test time =   0.00 sec
----------------------------------------------------------
Test Passed.
"MessageTest.PossDupTrue" end time: Jul 22 15:33 UTC
"MessageTest.PossDupTrue" time elapsed: 00:00:00
----------------------------------------------------------

23/57 Testing: MessageTest.SetBool
23/57 Test: MessageTest.SetBool
Command: "/home/runner/work/FIX-Protocol/FIX-Protocol/build_test/fix_tests" "--gtest_filter=MessageTest.SetBool" "--gtest_also_run_disabled_tests"
Directory: /home/runner/work/FIX-Protocol/FIX-Protocol/build_test
"MessageTest.SetBool" start time: Jul 22 15:33 UTC
Output:
----------------------------------------------------------
Running main() from /home/runner/work/FIX-Protocol/FIX-Protocol/build_test/_deps/googletest-src/googletest/src/gtest_main.cc
Note: Google Test filter = MessageTest.SetBool
[==========] Running 1 test from 1 test suite.
[----------] Global test environment set-up.
[----------] 1 test from MessageTest
[ RUN      ] MessageTest.SetBool
[       OK ] MessageTest.SetBool (0 ms)
[----------] 1 test from MessageTest (0 ms total)

[----------] Global test environment tear-down
[==========] 1 test from 1 test suite ran. (0 ms total)
[  PASSED  ] 1 test.
<end of output>
Test time =   0.00 sec
----------------------------------------------------------
Test Passed.
"MessageTest.SetBool" end time: Jul 22 15:33 UTC
"MessageTest.SetBool" time elapsed: 00:00:00
----------------------------------------------------------

24/57 Testing: MessageTest.Clear
24/57 Test: MessageTest.Clear
Command: "/home/runner/work/FIX-Protocol/FIX-Protocol/build_test/fix_tests" "--gtest_filter=MessageTest.Clear" "--gtest_also_run_disabled_tests"
Directory: /home/runner/work/FIX-Protocol/FIX-Protocol/build_test
"MessageTest.Clear" start time: Jul 22 15:33 UTC
Output:
----------------------------------------------------------
Running main() from /home/runner/work/FIX-Protocol/FIX-Protocol/build_test/_deps/googletest-src/googletest/src/gtest_main.cc
Note: Google Test filter = MessageTest.Clear
[==========] Running 1 test from 1 test suite.
[----------] Global test environment set-up.
[----------] 1 test from MessageTest
[ RUN      ] MessageTest.Clear
[       OK ] MessageTest.Clear (0 ms)
[----------] 1 test from MessageTest (0 ms total)

[----------] Global test environment tear-down
[==========] 1 test from 1 test suite ran. (0 ms total)
[  PASSED  ] 1 test.
<end of output>
Test time =   0.00 sec
----------------------------------------------------------
Test Passed.
"MessageTest.Clear" end time: Jul 22 15:33 UTC
"MessageTest.Clear" time elapsed: 00:00:00
----------------------------------------------------------

25/57 Testing: MessageTest.RawStorage
25/57 Test: MessageTest.RawStorage
Command: "/home/runner/work/FIX-Protocol/FIX-Protocol/build_test/fix_tests" "--gtest_filter=MessageTest.RawStorage" "--gtest_also_run_disabled_tests"
Directory: /home/runner/work/FIX-Protocol/FIX-Protocol/build_test
"MessageTest.RawStorage" start time: Jul 22 15:33 UTC
Output:
----------------------------------------------------------
Running main() from /home/runner/work/FIX-Protocol/FIX-Protocol/build_test/_deps/googletest-src/googletest/src/gtest_main.cc
Note: Google Test filter = MessageTest.RawStorage
[==========] Running 1 test from 1 test suite.
[----------] Global test environment set-up.
[----------] 1 test from MessageTest
[ RUN      ] MessageTest.RawStorage
[       OK ] MessageTest.RawStorage (0 ms)
[----------] 1 test from MessageTest (0 ms total)

[----------] Global test environment tear-down
[==========] 1 test from 1 test suite ran. (0 ms total)
[  PASSED  ] 1 test.
<end of output>
Test time =   0.00 sec
----------------------------------------------------------
Test Passed.
"MessageTest.RawStorage" end time: Jul 22 15:33 UTC
"MessageTest.RawStorage" time elapsed: 00:00:00
----------------------------------------------------------

26/57 Testing: SessionTest.InitialStateNotConnected
26/57 Test: SessionTest.InitialStateNotConnected
Command: "/home/runner/work/FIX-Protocol/FIX-Protocol/build_test/fix_tests" "--gtest_filter=SessionTest.InitialStateNotConnected" "--gtest_also_run_disabled_tests"
Directory: /home/runner/work/FIX-Protocol/FIX-Protocol/build_test
"SessionTest.InitialStateNotConnected" start time: Jul 22 15:33 UTC
Output:
----------------------------------------------------------
Running main() from /home/runner/work/FIX-Protocol/FIX-Protocol/build_test/_deps/googletest-src/googletest/src/gtest_main.cc
Note: Google Test filter = SessionTest.InitialStateNotConnected
[==========] Running 1 test from 1 test suite.
[----------] Global test environment set-up.
[----------] 1 test from SessionTest
[ RUN      ] SessionTest.InitialStateNotConnected
[       OK ] SessionTest.InitialStateNotConnected (0 ms)
[----------] 1 test from SessionTest (0 ms total)

[----------] Global test environment tear-down
[==========] 1 test from 1 test suite ran. (0 ms total)
[  PASSED  ] 1 test.
<end of output>
Test time =   0.00 sec
----------------------------------------------------------
Test Passed.
"SessionTest.InitialStateNotConnected" end time: Jul 22 15:33 UTC
"SessionTest.InitialStateNotConnected" time elapsed: 00:00:00
----------------------------------------------------------

27/57 Testing: SessionTest.AcceptorReceivesLogon_TransitionsToActive
27/57 Test: SessionTest.AcceptorReceivesLogon_TransitionsToActive
Command: "/home/runner/work/FIX-Protocol/FIX-Protocol/build_test/fix_tests" "--gtest_filter=SessionTest.AcceptorReceivesLogon_TransitionsToActive" "--gtest_also_run_disabled_tests"
Directory: /home/runner/work/FIX-Protocol/FIX-Protocol/build_test
"SessionTest.AcceptorReceivesLogon_TransitionsToActive" start time: Jul 22 15:33 UTC
Output:
----------------------------------------------------------
Running main() from /home/runner/work/FIX-Protocol/FIX-Protocol/build_test/_deps/googletest-src/googletest/src/gtest_main.cc
Note: Google Test filter = SessionTest.AcceptorReceivesLogon_TransitionsToActive
[==========] Running 1 test from 1 test suite.
[----------] Global test environment set-up.
[----------] 1 test from SessionTest
[ RUN      ] SessionTest.AcceptorReceivesLogon_TransitionsToActive
[       OK ] SessionTest.AcceptorReceivesLogon_TransitionsToActive (0 ms)
[----------] 1 test from SessionTest (0 ms total)

[----------] Global test environment tear-down
[==========] 1 test from 1 test suite ran. (0 ms total)
[  PASSED  ] 1 test.
<end of output>
Test time =   0.00 sec
----------------------------------------------------------
Test Passed.
"SessionTest.AcceptorReceivesLogon_TransitionsToActive" end time: Jul 22 15:33 UTC
"SessionTest.AcceptorReceivesLogon_TransitionsToActive" time elapsed: 00:00:00
----------------------------------------------------------

28/57 Testing: SessionTest.InitiatorLogon_SetsLogonSentState
28/57 Test: SessionTest.InitiatorLogon_SetsLogonSentState
Command: "/home/runner/work/FIX-Protocol/FIX-Protocol/build_test/fix_tests" "--gtest_filter=SessionTest.InitiatorLogon_SetsLogonSentState" "--gtest_also_run_disabled_tests"
Directory: /home/runner/work/FIX-Protocol/FIX-Protocol/build_test
"SessionTest.InitiatorLogon_SetsLogonSentState" start time: Jul 22 15:33 UTC
Output:
----------------------------------------------------------
Running main() from /home/runner/work/FIX-Protocol/FIX-Protocol/build_test/_deps/googletest-src/googletest/src/gtest_main.cc
Note: Google Test filter = SessionTest.InitiatorLogon_SetsLogonSentState
[==========] Running 1 test from 1 test suite.
[----------] Global test environment set-up.
[----------] 1 test from SessionTest
[ RUN      ] SessionTest.InitiatorLogon_SetsLogonSentState
[       OK ] SessionTest.InitiatorLogon_SetsLogonSentState (0 ms)
[----------] 1 test from SessionTest (0 ms total)

[----------] Global test environment tear-down
[==========] 1 test from 1 test suite ran. (0 ms total)
[  PASSED  ] 1 test.
<end of output>
Test time =   0.00 sec
----------------------------------------------------------
Test Passed.
"SessionTest.InitiatorLogon_SetsLogonSentState" end time: Jul 22 15:33 UTC
"SessionTest.InitiatorLogon_SetsLogonSentState" time elapsed: 00:00:00
----------------------------------------------------------

29/57 Testing: SessionTest.HeartbeatSent
29/57 Test: SessionTest.HeartbeatSent
Command: "/home/runner/work/FIX-Protocol/FIX-Protocol/build_test/fix_tests" "--gtest_filter=SessionTest.HeartbeatSent" "--gtest_also_run_disabled_tests"
Directory: /home/runner/work/FIX-Protocol/FIX-Protocol/build_test
"SessionTest.HeartbeatSent" start time: Jul 22 15:33 UTC
Output:
----------------------------------------------------------
Running main() from /home/runner/work/FIX-Protocol/FIX-Protocol/build_test/_deps/googletest-src/googletest/src/gtest_main.cc
Note: Google Test filter = SessionTest.HeartbeatSent
[==========] Running 1 test from 1 test suite.
[----------] Global test environment set-up.
[----------] 1 test from SessionTest
[ RUN      ] SessionTest.HeartbeatSent
[       OK ] SessionTest.HeartbeatSent (0 ms)
[----------] 1 test from SessionTest (0 ms total)

[----------] Global test environment tear-down
[==========] 1 test from 1 test suite ran. (0 ms total)
[  PASSED  ] 1 test.
<end of output>
Test time =   0.00 sec
----------------------------------------------------------
Test Passed.
"SessionTest.HeartbeatSent" end time: Jul 22 15:33 UTC
"SessionTest.HeartbeatSent" time elapsed: 00:00:00
----------------------------------------------------------

30/57 Testing: SessionTest.TestRequestAndResponse
30/57 Test: SessionTest.TestRequestAndResponse
Command: "/home/runner/work/FIX-Protocol/FIX-Protocol/build_test/fix_tests" "--gtest_filter=SessionTest.TestRequestAndResponse" "--gtest_also_run_disabled_tests"
Directory: /home/runner/work/FIX-Protocol/FIX-Protocol/build_test
"SessionTest.TestRequestAndResponse" start time: Jul 22 15:33 UTC
Output:
----------------------------------------------------------
Running main() from /home/runner/work/FIX-Protocol/FIX-Protocol/build_test/_deps/googletest-src/googletest/src/gtest_main.cc
Note: Google Test filter = SessionTest.TestRequestAndResponse
[==========] Running 1 test from 1 test suite.
[----------] Global test environment set-up.
[----------] 1 test from SessionTest
[ RUN      ] SessionTest.TestRequestAndResponse
[       OK ] SessionTest.TestRequestAndResponse (0 ms)
[----------] 1 test from SessionTest (0 ms total)

[----------] Global test environment tear-down
[==========] 1 test from 1 test suite ran. (0 ms total)
[  PASSED  ] 1 test.
<end of output>
Test time =   0.00 sec
----------------------------------------------------------
Test Passed.
"SessionTest.TestRequestAndResponse" end time: Jul 22 15:33 UTC
"SessionTest.TestRequestAndResponse" time elapsed: 00:00:00
----------------------------------------------------------

31/57 Testing: SessionTest.LogoutFlow
31/57 Test: SessionTest.LogoutFlow
Command: "/home/runner/work/FIX-Protocol/FIX-Protocol/build_test/fix_tests" "--gtest_filter=SessionTest.LogoutFlow" "--gtest_also_run_disabled_tests"
Directory: /home/runner/work/FIX-Protocol/FIX-Protocol/build_test
"SessionTest.LogoutFlow" start time: Jul 22 15:33 UTC
Output:
----------------------------------------------------------
Running main() from /home/runner/work/FIX-Protocol/FIX-Protocol/build_test/_deps/googletest-src/googletest/src/gtest_main.cc
Note: Google Test filter = SessionTest.LogoutFlow
[==========] Running 1 test from 1 test suite.
[----------] Global test environment set-up.
[----------] 1 test from SessionTest
[ RUN      ] SessionTest.LogoutFlow
[       OK ] SessionTest.LogoutFlow (0 ms)
[----------] 1 test from SessionTest (0 ms total)

[----------] Global test environment tear-down
[==========] 1 test from 1 test suite ran. (0 ms total)
[  PASSED  ] 1 test.
<end of output>
Test time =   0.00 sec
----------------------------------------------------------
Test Passed.
"SessionTest.LogoutFlow" end time: Jul 22 15:33 UTC
"SessionTest.LogoutFlow" time elapsed: 00:00:00
----------------------------------------------------------

32/57 Testing: SessionTest.SequenceNumberIncremented
32/57 Test: SessionTest.SequenceNumberIncremented
Command: "/home/runner/work/FIX-Protocol/FIX-Protocol/build_test/fix_tests" "--gtest_filter=SessionTest.SequenceNumberIncremented" "--gtest_also_run_disabled_tests"
Directory: /home/runner/work/FIX-Protocol/FIX-Protocol/build_test
"SessionTest.SequenceNumberIncremented" start time: Jul 22 15:33 UTC
Output:
----------------------------------------------------------
Running main() from /home/runner/work/FIX-Protocol/FIX-Protocol/build_test/_deps/googletest-src/googletest/src/gtest_main.cc
Note: Google Test filter = SessionTest.SequenceNumberIncremented
[==========] Running 1 test from 1 test suite.
[----------] Global test environment set-up.
[----------] 1 test from SessionTest
[ RUN      ] SessionTest.SequenceNumberIncremented
[       OK ] SessionTest.SequenceNumberIncremented (0 ms)
[----------] 1 test from SessionTest (0 ms total)

[----------] Global test environment tear-down
[==========] 1 test from 1 test suite ran. (0 ms total)
[  PASSED  ] 1 test.
<end of output>
Test time =   0.00 sec
----------------------------------------------------------
Test Passed.
"SessionTest.SequenceNumberIncremented" end time: Jul 22 15:33 UTC
"SessionTest.SequenceNumberIncremented" time elapsed: 00:00:00
----------------------------------------------------------

33/57 Testing: DictionaryTest.BuiltinLoad42
33/57 Test: DictionaryTest.BuiltinLoad42
Command: "/home/runner/work/FIX-Protocol/FIX-Protocol/build_test/fix_tests" "--gtest_filter=DictionaryTest.BuiltinLoad42" "--gtest_also_run_disabled_tests"
Directory: /home/runner/work/FIX-Protocol/FIX-Protocol/build_test
"DictionaryTest.BuiltinLoad42" start time: Jul 22 15:33 UTC
Output:
----------------------------------------------------------
Running main() from /home/runner/work/FIX-Protocol/FIX-Protocol/build_test/_deps/googletest-src/googletest/src/gtest_main.cc
Note: Google Test filter = DictionaryTest.BuiltinLoad42
[==========] Running 1 test from 1 test suite.
[----------] Global test environment set-up.
[----------] 1 test from DictionaryTest
[ RUN      ] DictionaryTest.BuiltinLoad42
[       OK ] DictionaryTest.BuiltinLoad42 (0 ms)
[----------] 1 test from DictionaryTest (0 ms total)

[----------] Global test environment tear-down
[==========] 1 test from 1 test suite ran. (0 ms total)
[  PASSED  ] 1 test.
<end of output>
Test time =   0.00 sec
----------------------------------------------------------
Test Passed.
"DictionaryTest.BuiltinLoad42" end time: Jul 22 15:33 UTC
"DictionaryTest.BuiltinLoad42" time elapsed: 00:00:00
----------------------------------------------------------

34/57 Testing: DictionaryTest.FindFieldByTag
34/57 Test: DictionaryTest.FindFieldByTag
Command: "/home/runner/work/FIX-Protocol/FIX-Protocol/build_test/fix_tests" "--gtest_filter=DictionaryTest.FindFieldByTag" "--gtest_also_run_disabled_tests"
Directory: /home/runner/work/FIX-Protocol/FIX-Protocol/build_test
"DictionaryTest.FindFieldByTag" start time: Jul 22 15:33 UTC
Output:
----------------------------------------------------------
Running main() from /home/runner/work/FIX-Protocol/FIX-Protocol/build_test/_deps/googletest-src/googletest/src/gtest_main.cc
Note: Google Test filter = DictionaryTest.FindFieldByTag
[==========] Running 1 test from 1 test suite.
[----------] Global test environment set-up.
[----------] 1 test from DictionaryTest
[ RUN      ] DictionaryTest.FindFieldByTag
[       OK ] DictionaryTest.FindFieldByTag (0 ms)
[----------] 1 test from DictionaryTest (0 ms total)

[----------] Global test environment tear-down
[==========] 1 test from 1 test suite ran. (0 ms total)
[  PASSED  ] 1 test.
<end of output>
Test time =   0.00 sec
----------------------------------------------------------
Test Passed.
"DictionaryTest.FindFieldByTag" end time: Jul 22 15:33 UTC
"DictionaryTest.FindFieldByTag" time elapsed: 00:00:00
----------------------------------------------------------

35/57 Testing: DictionaryTest.FindFieldByName
35/57 Test: DictionaryTest.FindFieldByName
Command: "/home/runner/work/FIX-Protocol/FIX-Protocol/build_test/fix_tests" "--gtest_filter=DictionaryTest.FindFieldByName" "--gtest_also_run_disabled_tests"
Directory: /home/runner/work/FIX-Protocol/FIX-Protocol/build_test
"DictionaryTest.FindFieldByName" start time: Jul 22 15:33 UTC
Output:
----------------------------------------------------------
Running main() from /home/runner/work/FIX-Protocol/FIX-Protocol/build_test/_deps/googletest-src/googletest/src/gtest_main.cc
Note: Google Test filter = DictionaryTest.FindFieldByName
[==========] Running 1 test from 1 test suite.
[----------] Global test environment set-up.
[----------] 1 test from DictionaryTest
[ RUN      ] DictionaryTest.FindFieldByName
[       OK ] DictionaryTest.FindFieldByName (0 ms)
[----------] 1 test from DictionaryTest (0 ms total)

[----------] Global test environment tear-down
[==========] 1 test from 1 test suite ran. (0 ms total)
[  PASSED  ] 1 test.
<end of output>
Test time =   0.00 sec
----------------------------------------------------------
Test Passed.
"DictionaryTest.FindFieldByName" end time: Jul 22 15:33 UTC
"DictionaryTest.FindFieldByName" time elapsed: 00:00:00
----------------------------------------------------------

36/57 Testing: DictionaryTest.UnknownFieldReturnsNull
36/57 Test: DictionaryTest.UnknownFieldReturnsNull
Command: "/home/runner/work/FIX-Protocol/FIX-Protocol/build_test/fix_tests" "--gtest_filter=DictionaryTest.UnknownFieldReturnsNull" "--gtest_also_run_disabled_tests"
Directory: /home/runner/work/FIX-Protocol/FIX-Protocol/build_test
"DictionaryTest.UnknownFieldReturnsNull" start time: Jul 22 15:33 UTC
Output:
----------------------------------------------------------
Running main() from /home/runner/work/FIX-Protocol/FIX-Protocol/build_test/_deps/googletest-src/googletest/src/gtest_main.cc
Note: Google Test filter = DictionaryTest.UnknownFieldReturnsNull
[==========] Running 1 test from 1 test suite.
[----------] Global test environment set-up.
[----------] 1 test from DictionaryTest
[ RUN      ] DictionaryTest.UnknownFieldReturnsNull
[       OK ] DictionaryTest.UnknownFieldReturnsNull (0 ms)
[----------] 1 test from DictionaryTest (0 ms total)

[----------] Global test environment tear-down
[==========] 1 test from 1 test suite ran. (0 ms total)
[  PASSED  ] 1 test.
<end of output>
Test time =   0.00 sec
----------------------------------------------------------
Test Passed.
"DictionaryTest.UnknownFieldReturnsNull" end time: Jul 22 15:33 UTC
"DictionaryTest.UnknownFieldReturnsNull" time elapsed: 00:00:00
----------------------------------------------------------

37/57 Testing: DictionaryTest.FindMessageType
37/57 Test: DictionaryTest.FindMessageType
Command: "/home/runner/work/FIX-Protocol/FIX-Protocol/build_test/fix_tests" "--gtest_filter=DictionaryTest.FindMessageType" "--gtest_also_run_disabled_tests"
Directory: /home/runner/work/FIX-Protocol/FIX-Protocol/build_test
"DictionaryTest.FindMessageType" start time: Jul 22 15:33 UTC
Output:
----------------------------------------------------------
Running main() from /home/runner/work/FIX-Protocol/FIX-Protocol/build_test/_deps/googletest-src/googletest/src/gtest_main.cc
Note: Google Test filter = DictionaryTest.FindMessageType
[==========] Running 1 test from 1 test suite.
[----------] Global test environment set-up.
[----------] 1 test from DictionaryTest
[ RUN      ] DictionaryTest.FindMessageType
[       OK ] DictionaryTest.FindMessageType (0 ms)
[----------] 1 test from DictionaryTest (0 ms total)

[----------] Global test environment tear-down
[==========] 1 test from 1 test suite ran. (0 ms total)
[  PASSED  ] 1 test.
<end of output>
Test time =   0.00 sec
----------------------------------------------------------
Test Passed.
"DictionaryTest.FindMessageType" end time: Jul 22 15:33 UTC
"DictionaryTest.FindMessageType" time elapsed: 00:00:00
----------------------------------------------------------

38/57 Testing: DictionaryTest.FindAdminMessage
38/57 Test: DictionaryTest.FindAdminMessage
Command: "/home/runner/work/FIX-Protocol/FIX-Protocol/build_test/fix_tests" "--gtest_filter=DictionaryTest.FindAdminMessage" "--gtest_also_run_disabled_tests"
Directory: /home/runner/work/FIX-Protocol/FIX-Protocol/build_test
"DictionaryTest.FindAdminMessage" start time: Jul 22 15:33 UTC
Output:
----------------------------------------------------------
Running main() from /home/runner/work/FIX-Protocol/FIX-Protocol/build_test/_deps/googletest-src/googletest/src/gtest_main.cc
Note: Google Test filter = DictionaryTest.FindAdminMessage
[==========] Running 1 test from 1 test suite.
[----------] Global test environment set-up.
[----------] 1 test from DictionaryTest
[ RUN      ] DictionaryTest.FindAdminMessage
[       OK ] DictionaryTest.FindAdminMessage (0 ms)
[----------] 1 test from DictionaryTest (0 ms total)

[----------] Global test environment tear-down
[==========] 1 test from 1 test suite ran. (0 ms total)
[  PASSED  ] 1 test.
<end of output>
Test time =   0.00 sec
----------------------------------------------------------
Test Passed.
"DictionaryTest.FindAdminMessage" end time: Jul 22 15:33 UTC
"DictionaryTest.FindAdminMessage" time elapsed: 00:00:00
----------------------------------------------------------

39/57 Testing: DictionaryTest.ValidationPassesForValidMessage
39/57 Test: DictionaryTest.ValidationPassesForValidMessage
Command: "/home/runner/work/FIX-Protocol/FIX-Protocol/build_test/fix_tests" "--gtest_filter=DictionaryTest.ValidationPassesForValidMessage" "--gtest_also_run_disabled_tests"
Directory: /home/runner/work/FIX-Protocol/FIX-Protocol/build_test
"DictionaryTest.ValidationPassesForValidMessage" start time: Jul 22 15:33 UTC
Output:
----------------------------------------------------------
Running main() from /home/runner/work/FIX-Protocol/FIX-Protocol/build_test/_deps/googletest-src/googletest/src/gtest_main.cc
Note: Google Test filter = DictionaryTest.ValidationPassesForValidMessage
[==========] Running 1 test from 1 test suite.
[----------] Global test environment set-up.
[----------] 1 test from DictionaryTest
[ RUN      ] DictionaryTest.ValidationPassesForValidMessage
[       OK ] DictionaryTest.ValidationPassesForValidMessage (0 ms)
[----------] 1 test from DictionaryTest (0 ms total)

[----------] Global test environment tear-down
[==========] 1 test from 1 test suite ran. (0 ms total)
[  PASSED  ] 1 test.
<end of output>
Test time =   0.00 sec
----------------------------------------------------------
Test Passed.
"DictionaryTest.ValidationPassesForValidMessage" end time: Jul 22 15:33 UTC
"DictionaryTest.ValidationPassesForValidMessage" time elapsed: 00:00:00
----------------------------------------------------------

40/57 Testing: DictionaryTest.ValidationFailsMissingRequired
40/57 Test: DictionaryTest.ValidationFailsMissingRequired
Command: "/home/runner/work/FIX-Protocol/FIX-Protocol/build_test/fix_tests" "--gtest_filter=DictionaryTest.ValidationFailsMissingRequired" "--gtest_also_run_disabled_tests"
Directory: /home/runner/work/FIX-Protocol/FIX-Protocol/build_test
"DictionaryTest.ValidationFailsMissingRequired" start time: Jul 22 15:33 UTC
Output:
----------------------------------------------------------
Running main() from /home/runner/work/FIX-Protocol/FIX-Protocol/build_test/_deps/googletest-src/googletest/src/gtest_main.cc
Note: Google Test filter = DictionaryTest.ValidationFailsMissingRequired
[==========] Running 1 test from 1 test suite.
[----------] Global test environment set-up.
[----------] 1 test from DictionaryTest
[ RUN      ] DictionaryTest.ValidationFailsMissingRequired
[       OK ] DictionaryTest.ValidationFailsMissingRequired (0 ms)
[----------] 1 test from DictionaryTest (0 ms total)

[----------] Global test environment tear-down
[==========] 1 test from 1 test suite ran. (0 ms total)
[  PASSED  ] 1 test.
<end of output>
Test time =   0.00 sec
----------------------------------------------------------
Test Passed.
"DictionaryTest.ValidationFailsMissingRequired" end time: Jul 22 15:33 UTC
"DictionaryTest.ValidationFailsMissingRequired" time elapsed: 00:00:00
----------------------------------------------------------

41/57 Testing: DictionaryTest.ValidationFailsInvalidEnumValue
41/57 Test: DictionaryTest.ValidationFailsInvalidEnumValue
Command: "/home/runner/work/FIX-Protocol/FIX-Protocol/build_test/fix_tests" "--gtest_filter=DictionaryTest.ValidationFailsInvalidEnumValue" "--gtest_also_run_disabled_tests"
Directory: /home/runner/work/FIX-Protocol/FIX-Protocol/build_test
"DictionaryTest.ValidationFailsInvalidEnumValue" start time: Jul 22 15:33 UTC
Output:
----------------------------------------------------------
Running main() from /home/runner/work/FIX-Protocol/FIX-Protocol/build_test/_deps/googletest-src/googletest/src/gtest_main.cc
Note: Google Test filter = DictionaryTest.ValidationFailsInvalidEnumValue
[==========] Running 1 test from 1 test suite.
[----------] Global test environment set-up.
[----------] 1 test from DictionaryTest
[ RUN      ] DictionaryTest.ValidationFailsInvalidEnumValue
[       OK ] DictionaryTest.ValidationFailsInvalidEnumValue (0 ms)
[----------] 1 test from DictionaryTest (0 ms total)

[----------] Global test environment tear-down
[==========] 1 test from 1 test suite ran. (0 ms total)
[  PASSED  ] 1 test.
<end of output>
Test time =   0.00 sec
----------------------------------------------------------
Test Passed.
"DictionaryTest.ValidationFailsInvalidEnumValue" end time: Jul 22 15:33 UTC
"DictionaryTest.ValidationFailsInvalidEnumValue" time elapsed: 00:00:00
----------------------------------------------------------

42/57 Testing: DictionaryTest.CustomFieldRegistration
42/57 Test: DictionaryTest.CustomFieldRegistration
Command: "/home/runner/work/FIX-Protocol/FIX-Protocol/build_test/fix_tests" "--gtest_filter=DictionaryTest.CustomFieldRegistration" "--gtest_also_run_disabled_tests"
Directory: /home/runner/work/FIX-Protocol/FIX-Protocol/build_test
"DictionaryTest.CustomFieldRegistration" start time: Jul 22 15:33 UTC
Output:
----------------------------------------------------------
Running main() from /home/runner/work/FIX-Protocol/FIX-Protocol/build_test/_deps/googletest-src/googletest/src/gtest_main.cc
Note: Google Test filter = DictionaryTest.CustomFieldRegistration
[==========] Running 1 test from 1 test suite.
[----------] Global test environment set-up.
[----------] 1 test from DictionaryTest
[ RUN      ] DictionaryTest.CustomFieldRegistration
[       OK ] DictionaryTest.CustomFieldRegistration (0 ms)
[----------] 1 test from DictionaryTest (0 ms total)

[----------] Global test environment tear-down
[==========] 1 test from 1 test suite ran. (0 ms total)
[  PASSED  ] 1 test.
<end of output>
Test time =   0.00 sec
----------------------------------------------------------
Test Passed.
"DictionaryTest.CustomFieldRegistration" end time: Jul 22 15:33 UTC
"DictionaryTest.CustomFieldRegistration" time elapsed: 00:00:00
----------------------------------------------------------

43/57 Testing: DictionaryTest.Reload
43/57 Test: DictionaryTest.Reload
Command: "/home/runner/work/FIX-Protocol/FIX-Protocol/build_test/fix_tests" "--gtest_filter=DictionaryTest.Reload" "--gtest_also_run_disabled_tests"
Directory: /home/runner/work/FIX-Protocol/FIX-Protocol/build_test
"DictionaryTest.Reload" start time: Jul 22 15:33 UTC
Output:
----------------------------------------------------------
Running main() from /home/runner/work/FIX-Protocol/FIX-Protocol/build_test/_deps/googletest-src/googletest/src/gtest_main.cc
Note: Google Test filter = DictionaryTest.Reload
[==========] Running 1 test from 1 test suite.
[----------] Global test environment set-up.
[----------] 1 test from DictionaryTest
[ RUN      ] DictionaryTest.Reload
[       OK ] DictionaryTest.Reload (0 ms)
[----------] 1 test from DictionaryTest (0 ms total)

[----------] Global test environment tear-down
[==========] 1 test from 1 test suite ran. (0 ms total)
[  PASSED  ] 1 test.
<end of output>
Test time =   0.00 sec
----------------------------------------------------------
Test Passed.
"DictionaryTest.Reload" end time: Jul 22 15:33 UTC
"DictionaryTest.Reload" time elapsed: 00:00:00
----------------------------------------------------------

44/57 Testing: DictionaryTest.ApplVerIDResolution
44/57 Test: DictionaryTest.ApplVerIDResolution
Command: "/home/runner/work/FIX-Protocol/FIX-Protocol/build_test/fix_tests" "--gtest_filter=DictionaryTest.ApplVerIDResolution" "--gtest_also_run_disabled_tests"
Directory: /home/runner/work/FIX-Protocol/FIX-Protocol/build_test
"DictionaryTest.ApplVerIDResolution" start time: Jul 22 15:33 UTC
Output:
----------------------------------------------------------
Running main() from /home/runner/work/FIX-Protocol/FIX-Protocol/build_test/_deps/googletest-src/googletest/src/gtest_main.cc
Note: Google Test filter = DictionaryTest.ApplVerIDResolution
[==========] Running 1 test from 1 test suite.
[----------] Global test environment set-up.
[----------] 1 test from DictionaryTest
[ RUN      ] DictionaryTest.ApplVerIDResolution
[       OK ] DictionaryTest.ApplVerIDResolution (0 ms)
[----------] 1 test from DictionaryTest (0 ms total)

[----------] Global test environment tear-down
[==========] 1 test from 1 test suite ran. (0 ms total)
[  PASSED  ] 1 test.
<end of output>
Test time =   0.00 sec
----------------------------------------------------------
Test Passed.
"DictionaryTest.ApplVerIDResolution" end time: Jul 22 15:33 UTC
"DictionaryTest.ApplVerIDResolution" time elapsed: 00:00:00
----------------------------------------------------------

45/57 Testing: DictionaryTest.RegistryGetAndSet
45/57 Test: DictionaryTest.RegistryGetAndSet
Command: "/home/runner/work/FIX-Protocol/FIX-Protocol/build_test/fix_tests" "--gtest_filter=DictionaryTest.RegistryGetAndSet" "--gtest_also_run_disabled_tests"
Directory: /home/runner/work/FIX-Protocol/FIX-Protocol/build_test
"DictionaryTest.RegistryGetAndSet" start time: Jul 22 15:33 UTC
Output:
----------------------------------------------------------
Running main() from /home/runner/work/FIX-Protocol/FIX-Protocol/build_test/_deps/googletest-src/googletest/src/gtest_main.cc
Note: Google Test filter = DictionaryTest.RegistryGetAndSet
[==========] Running 1 test from 1 test suite.
[----------] Global test environment set-up.
[----------] 1 test from DictionaryTest
[ RUN      ] DictionaryTest.RegistryGetAndSet
[       OK ] DictionaryTest.RegistryGetAndSet (0 ms)
[----------] 1 test from DictionaryTest (0 ms total)

[----------] Global test environment tear-down
[==========] 1 test from 1 test suite ran. (0 ms total)
[  PASSED  ] 1 test.
<end of output>
Test time =   0.00 sec
----------------------------------------------------------
Test Passed.
"DictionaryTest.RegistryGetAndSet" end time: Jul 22 15:33 UTC
"DictionaryTest.RegistryGetAndSet" time elapsed: 00:00:00
----------------------------------------------------------

46/57 Testing: MemoryStoreTest.InitialSeqNums
46/57 Test: MemoryStoreTest.InitialSeqNums
Command: "/home/runner/work/FIX-Protocol/FIX-Protocol/build_test/fix_tests" "--gtest_filter=MemoryStoreTest.InitialSeqNums" "--gtest_also_run_disabled_tests"
Directory: /home/runner/work/FIX-Protocol/FIX-Protocol/build_test
"MemoryStoreTest.InitialSeqNums" start time: Jul 22 15:33 UTC
Output:
----------------------------------------------------------
Running main() from /home/runner/work/FIX-Protocol/FIX-Protocol/build_test/_deps/googletest-src/googletest/src/gtest_main.cc
Note: Google Test filter = MemoryStoreTest.InitialSeqNums
[==========] Running 1 test from 1 test suite.
[----------] Global test environment set-up.
[----------] 1 test from MemoryStoreTest
[ RUN      ] MemoryStoreTest.InitialSeqNums
[       OK ] MemoryStoreTest.InitialSeqNums (0 ms)
[----------] 1 test from MemoryStoreTest (0 ms total)

[----------] Global test environment tear-down
[==========] 1 test from 1 test suite ran. (0 ms total)
[  PASSED  ] 1 test.
<end of output>
Test time =   0.00 sec
----------------------------------------------------------
Test Passed.
"MemoryStoreTest.InitialSeqNums" end time: Jul 22 15:33 UTC
"MemoryStoreTest.InitialSeqNums" time elapsed: 00:00:00
----------------------------------------------------------

47/57 Testing: MemoryStoreTest.SetSeqNums
47/57 Test: MemoryStoreTest.SetSeqNums
Command: "/home/runner/work/FIX-Protocol/FIX-Protocol/build_test/fix_tests" "--gtest_filter=MemoryStoreTest.SetSeqNums" "--gtest_also_run_disabled_tests"
Directory: /home/runner/work/FIX-Protocol/FIX-Protocol/build_test
"MemoryStoreTest.SetSeqNums" start time: Jul 22 15:33 UTC
Output:
----------------------------------------------------------
Running main() from /home/runner/work/FIX-Protocol/FIX-Protocol/build_test/_deps/googletest-src/googletest/src/gtest_main.cc
Note: Google Test filter = MemoryStoreTest.SetSeqNums
[==========] Running 1 test from 1 test suite.
[----------] Global test environment set-up.
[----------] 1 test from MemoryStoreTest
[ RUN      ] MemoryStoreTest.SetSeqNums
[       OK ] MemoryStoreTest.SetSeqNums (0 ms)
[----------] 1 test from MemoryStoreTest (0 ms total)

[----------] Global test environment tear-down
[==========] 1 test from 1 test suite ran. (0 ms total)
[  PASSED  ] 1 test.
<end of output>
Test time =   0.00 sec
----------------------------------------------------------
Test Passed.
"MemoryStoreTest.SetSeqNums" end time: Jul 22 15:33 UTC
"MemoryStoreTest.SetSeqNums" time elapsed: 00:00:00
----------------------------------------------------------

48/57 Testing: MemoryStoreTest.IncrSeqNums
48/57 Test: MemoryStoreTest.IncrSeqNums
Command: "/home/runner/work/FIX-Protocol/FIX-Protocol/build_test/fix_tests" "--gtest_filter=MemoryStoreTest.IncrSeqNums" "--gtest_also_run_disabled_tests"
Directory: /home/runner/work/FIX-Protocol/FIX-Protocol/build_test
"MemoryStoreTest.IncrSeqNums" start time: Jul 22 15:33 UTC
Output:
----------------------------------------------------------
Running main() from /home/runner/work/FIX-Protocol/FIX-Protocol/build_test/_deps/googletest-src/googletest/src/gtest_main.cc
Note: Google Test filter = MemoryStoreTest.IncrSeqNums
[==========] Running 1 test from 1 test suite.
[----------] Global test environment set-up.
[----------] 1 test from MemoryStoreTest
[ RUN      ] MemoryStoreTest.IncrSeqNums
[       OK ] MemoryStoreTest.IncrSeqNums (0 ms)
[----------] 1 test from MemoryStoreTest (0 ms total)

[----------] Global test environment tear-down
[==========] 1 test from 1 test suite ran. (0 ms total)
[  PASSED  ] 1 test.
<end of output>
Test time =   0.00 sec
----------------------------------------------------------
Test Passed.
"MemoryStoreTest.IncrSeqNums" end time: Jul 22 15:33 UTC
"MemoryStoreTest.IncrSeqNums" time elapsed: 00:00:00
----------------------------------------------------------

49/57 Testing: MemoryStoreTest.StoreAndRetrieve
49/57 Test: MemoryStoreTest.StoreAndRetrieve
Command: "/home/runner/work/FIX-Protocol/FIX-Protocol/build_test/fix_tests" "--gtest_filter=MemoryStoreTest.StoreAndRetrieve" "--gtest_also_run_disabled_tests"
Directory: /home/runner/work/FIX-Protocol/FIX-Protocol/build_test
"MemoryStoreTest.StoreAndRetrieve" start time: Jul 22 15:33 UTC
Output:
----------------------------------------------------------
Running main() from /home/runner/work/FIX-Protocol/FIX-Protocol/build_test/_deps/googletest-src/googletest/src/gtest_main.cc
Note: Google Test filter = MemoryStoreTest.StoreAndRetrieve
[==========] Running 1 test from 1 test suite.
[----------] Global test environment set-up.
[----------] 1 test from MemoryStoreTest
[ RUN      ] MemoryStoreTest.StoreAndRetrieve
[       OK ] MemoryStoreTest.StoreAndRetrieve (0 ms)
[----------] 1 test from MemoryStoreTest (0 ms total)

[----------] Global test environment tear-down
[==========] 1 test from 1 test suite ran. (0 ms total)
[  PASSED  ] 1 test.
<end of output>
Test time =   0.00 sec
----------------------------------------------------------
Test Passed.
"MemoryStoreTest.StoreAndRetrieve" end time: Jul 22 15:33 UTC
"MemoryStoreTest.StoreAndRetrieve" time elapsed: 00:00:00
----------------------------------------------------------

50/57 Testing: MemoryStoreTest.GetMessagesRange
50/57 Test: MemoryStoreTest.GetMessagesRange
Command: "/home/runner/work/FIX-Protocol/FIX-Protocol/build_test/fix_tests" "--gtest_filter=MemoryStoreTest.GetMessagesRange" "--gtest_also_run_disabled_tests"
Directory: /home/runner/work/FIX-Protocol/FIX-Protocol/build_test
"MemoryStoreTest.GetMessagesRange" start time: Jul 22 15:33 UTC
Output:
----------------------------------------------------------
Running main() from /home/runner/work/FIX-Protocol/FIX-Protocol/build_test/_deps/googletest-src/googletest/src/gtest_main.cc
Note: Google Test filter = MemoryStoreTest.GetMessagesRange
[==========] Running 1 test from 1 test suite.
[----------] Global test environment set-up.
[----------] 1 test from MemoryStoreTest
[ RUN      ] MemoryStoreTest.GetMessagesRange
[       OK ] MemoryStoreTest.GetMessagesRange (0 ms)
[----------] 1 test from MemoryStoreTest (0 ms total)

[----------] Global test environment tear-down
[==========] 1 test from 1 test suite ran. (0 ms total)
[  PASSED  ] 1 test.
<end of output>
Test time =   0.00 sec
----------------------------------------------------------
Test Passed.
"MemoryStoreTest.GetMessagesRange" end time: Jul 22 15:33 UTC
"MemoryStoreTest.GetMessagesRange" time elapsed: 00:00:00
----------------------------------------------------------

51/57 Testing: MemoryStoreTest.Reset
51/57 Test: MemoryStoreTest.Reset
Command: "/home/runner/work/FIX-Protocol/FIX-Protocol/build_test/fix_tests" "--gtest_filter=MemoryStoreTest.Reset" "--gtest_also_run_disabled_tests"
Directory: /home/runner/work/FIX-Protocol/FIX-Protocol/build_test
"MemoryStoreTest.Reset" start time: Jul 22 15:33 UTC
Output:
----------------------------------------------------------
Running main() from /home/runner/work/FIX-Protocol/FIX-Protocol/build_test/_deps/googletest-src/googletest/src/gtest_main.cc
Note: Google Test filter = MemoryStoreTest.Reset
[==========] Running 1 test from 1 test suite.
[----------] Global test environment set-up.
[----------] 1 test from MemoryStoreTest
[ RUN      ] MemoryStoreTest.Reset
[       OK ] MemoryStoreTest.Reset (0 ms)
[----------] 1 test from MemoryStoreTest (0 ms total)

[----------] Global test environment tear-down
[==========] 1 test from 1 test suite ran. (0 ms total)
[  PASSED  ] 1 test.
<end of output>
Test time =   0.00 sec
----------------------------------------------------------
Test Passed.
"MemoryStoreTest.Reset" end time: Jul 22 15:33 UTC
"MemoryStoreTest.Reset" time elapsed: 00:00:00
----------------------------------------------------------

52/57 Testing: FileStoreTest.InitialSeqNums
52/57 Test: FileStoreTest.InitialSeqNums
Command: "/home/runner/work/FIX-Protocol/FIX-Protocol/build_test/fix_tests" "--gtest_filter=FileStoreTest.InitialSeqNums" "--gtest_also_run_disabled_tests"
Directory: /home/runner/work/FIX-Protocol/FIX-Protocol/build_test
"FileStoreTest.InitialSeqNums" start time: Jul 22 15:33 UTC
Output:
----------------------------------------------------------
Running main() from /home/runner/work/FIX-Protocol/FIX-Protocol/build_test/_deps/googletest-src/googletest/src/gtest_main.cc
Note: Google Test filter = FileStoreTest.InitialSeqNums
[==========] Running 1 test from 1 test suite.
[----------] Global test environment set-up.
[----------] 1 test from FileStoreTest
[ RUN      ] FileStoreTest.InitialSeqNums
[       OK ] FileStoreTest.InitialSeqNums (0 ms)
[----------] 1 test from FileStoreTest (0 ms total)

[----------] Global test environment tear-down
[==========] 1 test from 1 test suite ran. (0 ms total)
[  PASSED  ] 1 test.
<end of output>
Test time =   0.00 sec
----------------------------------------------------------
Test Passed.
"FileStoreTest.InitialSeqNums" end time: Jul 22 15:33 UTC
"FileStoreTest.InitialSeqNums" time elapsed: 00:00:00
----------------------------------------------------------

53/57 Testing: FileStoreTest.PersistsSeqNums
53/57 Test: FileStoreTest.PersistsSeqNums
Command: "/home/runner/work/FIX-Protocol/FIX-Protocol/build_test/fix_tests" "--gtest_filter=FileStoreTest.PersistsSeqNums" "--gtest_also_run_disabled_tests"
Directory: /home/runner/work/FIX-Protocol/FIX-Protocol/build_test
"FileStoreTest.PersistsSeqNums" start time: Jul 22 15:33 UTC
Output:
----------------------------------------------------------
Running main() from /home/runner/work/FIX-Protocol/FIX-Protocol/build_test/_deps/googletest-src/googletest/src/gtest_main.cc
Note: Google Test filter = FileStoreTest.PersistsSeqNums
[==========] Running 1 test from 1 test suite.
[----------] Global test environment set-up.
[----------] 1 test from FileStoreTest
[ RUN      ] FileStoreTest.PersistsSeqNums
[       OK ] FileStoreTest.PersistsSeqNums (0 ms)
[----------] 1 test from FileStoreTest (0 ms total)

[----------] Global test environment tear-down
[==========] 1 test from 1 test suite ran. (0 ms total)
[  PASSED  ] 1 test.
<end of output>
Test time =   0.00 sec
----------------------------------------------------------
Test Passed.
"FileStoreTest.PersistsSeqNums" end time: Jul 22 15:33 UTC
"FileStoreTest.PersistsSeqNums" time elapsed: 00:00:00
----------------------------------------------------------

54/57 Testing: FileStoreTest.StoreAndRetrieve
54/57 Test: FileStoreTest.StoreAndRetrieve
Command: "/home/runner/work/FIX-Protocol/FIX-Protocol/build_test/fix_tests" "--gtest_filter=FileStoreTest.StoreAndRetrieve" "--gtest_also_run_disabled_tests"
Directory: /home/runner/work/FIX-Protocol/FIX-Protocol/build_test
"FileStoreTest.StoreAndRetrieve" start time: Jul 22 15:33 UTC
Output:
----------------------------------------------------------
Running main() from /home/runner/work/FIX-Protocol/FIX-Protocol/build_test/_deps/googletest-src/googletest/src/gtest_main.cc
Note: Google Test filter = FileStoreTest.StoreAndRetrieve
[==========] Running 1 test from 1 test suite.
[----------] Global test environment set-up.
[----------] 1 test from FileStoreTest
[ RUN      ] FileStoreTest.StoreAndRetrieve
[       OK ] FileStoreTest.StoreAndRetrieve (0 ms)
[----------] 1 test from FileStoreTest (0 ms total)

[----------] Global test environment tear-down
[==========] 1 test from 1 test suite ran. (0 ms total)
[  PASSED  ] 1 test.
<end of output>
Test time =   0.00 sec
----------------------------------------------------------
Test Passed.
"FileStoreTest.StoreAndRetrieve" end time: Jul 22 15:33 UTC
"FileStoreTest.StoreAndRetrieve" time elapsed: 00:00:00
----------------------------------------------------------

55/57 Testing: FileStoreTest.Reset
55/57 Test: FileStoreTest.Reset
Command: "/home/runner/work/FIX-Protocol/FIX-Protocol/build_test/fix_tests" "--gtest_filter=FileStoreTest.Reset" "--gtest_also_run_disabled_tests"
Directory: /home/runner/work/FIX-Protocol/FIX-Protocol/build_test
"FileStoreTest.Reset" start time: Jul 22 15:33 UTC
Output:
----------------------------------------------------------
Running main() from /home/runner/work/FIX-Protocol/FIX-Protocol/build_test/_deps/googletest-src/googletest/src/gtest_main.cc
Note: Google Test filter = FileStoreTest.Reset
[==========] Running 1 test from 1 test suite.
[----------] Global test environment set-up.
[----------] 1 test from FileStoreTest
[ RUN      ] FileStoreTest.Reset
[       OK ] FileStoreTest.Reset (0 ms)
[----------] 1 test from FileStoreTest (0 ms total)

[----------] Global test environment tear-down
[==========] 1 test from 1 test suite ran. (0 ms total)
[  PASSED  ] 1 test.
<end of output>
Test time =   0.00 sec
----------------------------------------------------------
Test Passed.
"FileStoreTest.Reset" end time: Jul 22 15:33 UTC
"FileStoreTest.Reset" time elapsed: 00:00:00
----------------------------------------------------------

56/57 Testing: FileStoreTest.Refresh
56/57 Test: FileStoreTest.Refresh
Command: "/home/runner/work/FIX-Protocol/FIX-Protocol/build_test/fix_tests" "--gtest_filter=FileStoreTest.Refresh" "--gtest_also_run_disabled_tests"
Directory: /home/runner/work/FIX-Protocol/FIX-Protocol/build_test
"FileStoreTest.Refresh" start time: Jul 22 15:33 UTC
Output:
----------------------------------------------------------
Running main() from /home/runner/work/FIX-Protocol/FIX-Protocol/build_test/_deps/googletest-src/googletest/src/gtest_main.cc
Note: Google Test filter = FileStoreTest.Refresh
[==========] Running 1 test from 1 test suite.
[----------] Global test environment set-up.
[----------] 1 test from FileStoreTest
[ RUN      ] FileStoreTest.Refresh
[       OK ] FileStoreTest.Refresh (0 ms)
[----------] 1 test from FileStoreTest (0 ms total)

[----------] Global test environment tear-down
[==========] 1 test from 1 test suite ran. (0 ms total)
[  PASSED  ] 1 test.
<end of output>
Test time =   0.00 sec
----------------------------------------------------------
Test Passed.
"FileStoreTest.Refresh" end time: Jul 22 15:33 UTC
"FileStoreTest.Refresh" time elapsed: 00:00:00
----------------------------------------------------------

57/57 Testing: fix_unit_tests
57/57 Test: fix_unit_tests
Command: "/home/runner/work/FIX-Protocol/FIX-Protocol/build_test/fix_tests"
Directory: /home/runner/work/FIX-Protocol/FIX-Protocol/build_test
"fix_unit_tests" start time: Jul 22 15:33 UTC
Output:
----------------------------------------------------------
Running main() from /home/runner/work/FIX-Protocol/FIX-Protocol/build_test/_deps/googletest-src/googletest/src/gtest_main.cc
[==========] Running 56 tests from 7 test suites.
[----------] Global test environment set-up.
[----------] 7 tests from ParserTest
[ RUN      ] ParserTest.ParsesCompleteLogon
[       OK ] ParserTest.ParsesCompleteLogon (0 ms)
[ RUN      ] ParserTest.ParsesBeginString
[       OK ] ParserTest.ParsesBeginString (0 ms)
[ RUN      ] ParserTest.HandlesPartialFeed
[       OK ] ParserTest.HandlesPartialFeed (0 ms)
[ RUN      ] ParserTest.MultipleConcatenatedMessages
[       OK ] ParserTest.MultipleConcatenatedMessages (0 ms)
[ RUN      ] ParserTest.BadChecksumRejected
[       OK ] ParserTest.BadChecksumRejected (0 ms)
[ RUN      ] ParserTest.NoChecksumValidation
[       OK ] ParserTest.NoChecksumValidation (0 ms)
[ RUN      ] ParserTest.ResetClearsState
[       OK ] ParserTest.ResetClearsState (0 ms)
[----------] 7 tests from ParserTest (0 ms total)

[----------] 5 tests from SerializerTest
[ RUN      ] SerializerTest.ChecksumIsCorrect
[       OK ] SerializerTest.ChecksumIsCorrect (0 ms)
[ RUN      ] SerializerTest.BodyLengthIsCorrect
[       OK ] SerializerTest.BodyLengthIsCorrect (0 ms)
[ RUN      ] SerializerTest.RoundTrip
[       OK ] SerializerTest.RoundTrip (0 ms)
[ RUN      ] SerializerTest.TimestampFormat
[       OK ] SerializerTest.TimestampFormat (0 ms)
[ RUN      ] SerializerTest.SerializeMessage
[       OK ] SerializerTest.SerializeMessage (0 ms)
[----------] 5 tests from SerializerTest (0 ms total)

[----------] 13 tests from MessageTest
[ RUN      ] MessageTest.SetAndGet
[       OK ] MessageTest.SetAndGet (0 ms)
[ RUN      ] MessageTest.SetOverwrites
[       OK ] MessageTest.SetOverwrites (0 ms)
[ RUN      ] MessageTest.HasField
[       OK ] MessageTest.HasField (0 ms)
[ RUN      ] MessageTest.Remove
[       OK ] MessageTest.Remove (0 ms)
[ RUN      ] MessageTest.GetInt
[       OK ] MessageTest.GetInt (0 ms)
[ RUN      ] MessageTest.GetDouble
[       OK ] MessageTest.GetDouble (0 ms)
[ RUN      ] MessageTest.SeqNum
[       OK ] MessageTest.SeqNum (0 ms)
[ RUN      ] MessageTest.MsgType
[       OK ] MessageTest.MsgType (0 ms)
[ RUN      ] MessageTest.PossDupDefault
[       OK ] MessageTest.PossDupDefault (0 ms)
[ RUN      ] MessageTest.PossDupTrue
[       OK ] MessageTest.PossDupTrue (0 ms)
[ RUN      ] MessageTest.SetBool
[       OK ] MessageTest.SetBool (0 ms)
[ RUN      ] MessageTest.Clear
[       OK ] MessageTest.Clear (0 ms)
[ RUN      ] MessageTest.RawStorage
[       OK ] MessageTest.RawStorage (0 ms)
[----------] 13 tests from MessageTest (0 ms total)

[----------] 7 tests from SessionTest
[ RUN      ] SessionTest.InitialStateNotConnected
[       OK ] SessionTest.InitialStateNotConnected (0 ms)
[ RUN      ] SessionTest.AcceptorReceivesLogon_TransitionsToActive
[       OK ] SessionTest.AcceptorReceivesLogon_TransitionsToActive (0 ms)
[ RUN      ] SessionTest.InitiatorLogon_SetsLogonSentState
[       OK ] SessionTest.InitiatorLogon_SetsLogonSentState (0 ms)
[ RUN      ] SessionTest.HeartbeatSent
[       OK ] SessionTest.HeartbeatSent (0 ms)
[ RUN      ] SessionTest.TestRequestAndResponse
[       OK ] SessionTest.TestRequestAndResponse (0 ms)
[ RUN      ] SessionTest.LogoutFlow
[       OK ] SessionTest.LogoutFlow (0 ms)
[ RUN      ] SessionTest.SequenceNumberIncremented
[       OK ] SessionTest.SequenceNumberIncremented (0 ms)
[----------] 7 tests from SessionTest (0 ms total)

[----------] 13 tests from DictionaryTest
[ RUN      ] DictionaryTest.BuiltinLoad42
[       OK ] DictionaryTest.BuiltinLoad42 (0 ms)
[ RUN      ] DictionaryTest.FindFieldByTag
[       OK ] DictionaryTest.FindFieldByTag (0 ms)
[ RUN      ] DictionaryTest.FindFieldByName
[       OK ] DictionaryTest.FindFieldByName (0 ms)
[ RUN      ] DictionaryTest.UnknownFieldReturnsNull
[       OK ] DictionaryTest.UnknownFieldReturnsNull (0 ms)
[ RUN      ] DictionaryTest.FindMessageType
[       OK ] DictionaryTest.FindMessageType (0 ms)
[ RUN      ] DictionaryTest.FindAdminMessage
[       OK ] DictionaryTest.FindAdminMessage (0 ms)
[ RUN      ] DictionaryTest.ValidationPassesForValidMessage
[       OK ] DictionaryTest.ValidationPassesForValidMessage (0 ms)
[ RUN      ] DictionaryTest.ValidationFailsMissingRequired
[       OK ] DictionaryTest.ValidationFailsMissingRequired (0 ms)
[ RUN      ] DictionaryTest.ValidationFailsInvalidEnumValue
[       OK ] DictionaryTest.ValidationFailsInvalidEnumValue (0 ms)
[ RUN      ] DictionaryTest.CustomFieldRegistration
[       OK ] DictionaryTest.CustomFieldRegistration (0 ms)
[ RUN      ] DictionaryTest.Reload
[       OK ] DictionaryTest.Reload (0 ms)
[ RUN      ] DictionaryTest.ApplVerIDResolution
[       OK ] DictionaryTest.ApplVerIDResolution (0 ms)
[ RUN      ] DictionaryTest.RegistryGetAndSet
[       OK ] DictionaryTest.RegistryGetAndSet (0 ms)
[----------] 13 tests from DictionaryTest (2 ms total)

[----------] 6 tests from MemoryStoreTest
[ RUN      ] MemoryStoreTest.InitialSeqNums
[       OK ] MemoryStoreTest.InitialSeqNums (0 ms)
[ RUN      ] MemoryStoreTest.SetSeqNums
[       OK ] MemoryStoreTest.SetSeqNums (0 ms)
[ RUN      ] MemoryStoreTest.IncrSeqNums
[       OK ] MemoryStoreTest.IncrSeqNums (0 ms)
[ RUN      ] MemoryStoreTest.StoreAndRetrieve
[       OK ] MemoryStoreTest.StoreAndRetrieve (0 ms)
[ RUN      ] MemoryStoreTest.GetMessagesRange
[       OK ] MemoryStoreTest.GetMessagesRange (0 ms)
[ RUN      ] MemoryStoreTest.Reset
[       OK ] MemoryStoreTest.Reset (0 ms)
[----------] 6 tests from MemoryStoreTest (0 ms total)

[----------] 5 tests from FileStoreTest
[ RUN      ] FileStoreTest.InitialSeqNums
[       OK ] FileStoreTest.InitialSeqNums (0 ms)
[ RUN      ] FileStoreTest.PersistsSeqNums
[       OK ] FileStoreTest.PersistsSeqNums (0 ms)
[ RUN      ] FileStoreTest.StoreAndRetrieve
[       OK ] FileStoreTest.StoreAndRetrieve (0 ms)
[ RUN      ] FileStoreTest.Reset
[       OK ] FileStoreTest.Reset (0 ms)
[ RUN      ] FileStoreTest.Refresh
[       OK ] FileStoreTest.Refresh (0 ms)
[----------] 5 tests from FileStoreTest (2 ms total)

[----------] Global test environment tear-down
[==========] 56 tests from 7 test suites ran. (6 ms total)
[  PASSED  ] 56 tests.
<end of output>
Test time =   0.01 sec
----------------------------------------------------------
Test Passed.
"fix_unit_tests" end time: Jul 22 15:33 UTC
"fix_unit_tests" time elapsed: 00:00:00
----------------------------------------------------------

End testing: Jul 22 15:33 UTC
